0 info it worked if it ends with ok
1 verbose cli [ 'C:\\Program Files\\nodejs\\\\node.exe',
1 verbose cli   'C:\\Program Files\\nodejs\\node_modules\\npm\\bin\\npm-cli.js',
1 verbose cli   'install',
1 verbose cli   'masonry_layout' ]
2 info using npm@1.4.28
3 info using node@v0.10.36
4 verbose node symlink C:\Program Files\nodejs\\node.exe
5 verbose cache add [ 'masonry_layout', null ]
6 verbose cache add name=undefined spec="masonry_layout" args=["masonry_layout",null]
7 verbose parsed url { protocol: null,
7 verbose parsed url   slashes: null,
7 verbose parsed url   auth: null,
7 verbose parsed url   host: null,
7 verbose parsed url   port: null,
7 verbose parsed url   hostname: null,
7 verbose parsed url   hash: null,
7 verbose parsed url   search: null,
7 verbose parsed url   query: null,
7 verbose parsed url   pathname: 'masonry_layout',
7 verbose parsed url   path: 'masonry_layout',
7 verbose parsed url   href: 'masonry_layout' }
8 silly lockFile acb89142-masonry-layout masonry_layout
9 verbose lock masonry_layout C:\Users\Dalek\AppData\Roaming\npm-cache\acb89142-masonry-layout.lock
10 silly lockFile acb89142-masonry-layout masonry_layout
11 silly lockFile acb89142-masonry-layout masonry_layout
12 verbose addNamed [ 'masonry_layout', '' ]
13 verbose addNamed [ null, '*' ]
14 silly lockFile 6dc97d2a-masonry-layout masonry_layout@
15 verbose lock masonry_layout@ C:\Users\Dalek\AppData\Roaming\npm-cache\6dc97d2a-masonry-layout.lock
16 silly addNameRange { name: 'masonry_layout', range: '*', hasData: false }
17 verbose request where is /masonry_layout
18 verbose request registry https://registry.npmjs.org/
19 verbose request id 39c43ffbfd144412
20 verbose url raw /masonry_layout
21 verbose url resolving [ 'https://registry.npmjs.org/', './masonry_layout' ]
22 verbose url resolved https://registry.npmjs.org/masonry_layout
23 verbose request where is https://registry.npmjs.org/masonry_layout
24 info trying registry request attempt 1 at 14:44:03
25 http GET https://registry.npmjs.org/masonry_layout
26 http 404 https://registry.npmjs.org/masonry_layout
27 verbose headers { server: 'CouchDB/1.5.0 (Erlang OTP/R16B03)',
27 verbose headers   'content-type': 'application/json',
27 verbose headers   'cache-control': 'max-age=0',
27 verbose headers   'content-length': '51',
27 verbose headers   'accept-ranges': 'bytes',
27 verbose headers   date: 'Sun, 31 May 2015 05:44:02 GMT',
27 verbose headers   via: '1.1 varnish',
27 verbose headers   age: '0',
27 verbose headers   connection: 'keep-alive',
27 verbose headers   'x-served-by': 'cache-nrt6128-NRT',
27 verbose headers   'x-cache': 'MISS',
27 verbose headers   'x-cache-hits': '0',
27 verbose headers   'x-timer': 'S1433051042.184810,VS0,VE718' }
28 silly registry.get cb [ 404,
28 silly registry.get   { server: 'CouchDB/1.5.0 (Erlang OTP/R16B03)',
28 silly registry.get     'content-type': 'application/json',
28 silly registry.get     'cache-control': 'max-age=0',
28 silly registry.get     'content-length': '51',
28 silly registry.get     'accept-ranges': 'bytes',
28 silly registry.get     date: 'Sun, 31 May 2015 05:44:02 GMT',
28 silly registry.get     via: '1.1 varnish',
28 silly registry.get     age: '0',
28 silly registry.get     connection: 'keep-alive',
28 silly registry.get     'x-served-by': 'cache-nrt6128-NRT',
28 silly registry.get     'x-cache': 'MISS',
28 silly registry.get     'x-cache-hits': '0',
28 silly registry.get     'x-timer': 'S1433051042.184810,VS0,VE718' } ]
29 silly lockFile 6dc97d2a-masonry-layout masonry_layout@
30 silly lockFile 6dc97d2a-masonry-layout masonry_layout@
31 error 404 404 Not Found: masonry_layout
31 error 404
31 error 404 'masonry_layout' is not in the npm registry.
31 error 404 You should bug the author to publish it
31 error 404
31 error 404 Note that you can also install from a
31 error 404 tarball, folder, or http url, or git url.
32 error System Windows_NT 6.1.7601
33 error command "C:\\Program Files\\nodejs\\\\node.exe" "C:\\Program Files\\nodejs\\node_modules\\npm\\bin\\npm-cli.js" "install" "masonry_layout"
34 error cwd C:\git\movie
35 error node -v v0.10.36
36 error npm -v 1.4.28
37 error code E404
38 verbose exit [ 1, true ]
